Running: /opt/Xilinx/14.7/ISE_DS/ISE/bin/lin64/unwrapped/fuse -intstyle ise -incremental -lib unisims_ver -lib unimacro_ver -lib xilinxcorelib_ver -lib secureip -o /home/ise/Door Lock/doorlock/t_password_getter_isim_beh.exe -prj /home/ise/Door Lock/doorlock/t_password_getter_beh.prj work.t_password_getter work.glbl 
ISim P.20131013 (signature 0xfbc00daa)
Number of CPUs detected in this system: 2
Turning on mult-threading, number of parallel sub-compilation jobs: 4 
Determining compilation order of HDL files
Analyzing Verilog file "/home/ise/Door Lock/doorlock/password_getter.v" into library work
Analyzing Verilog file "/home/ise/Door Lock/doorlock/t_password_getter.v" into library work
Analyzing Verilog file "/opt/Xilinx/14.7/ISE_DS/ISE//verilog/src/glbl.v" into library work
Starting static elaboration
Completed static elaboration
Fuse Memory Usage: 94916 KB
Fuse CPU Usage: 680 ms
Compiling module password_getter_sync
Compiling module t_password_getter
Compiling module glbl
Time Resolution for simulation is 1ps.
Compiled 3 Verilog Units
Built simulation executable /home/ise/Door Lock/doorlock/t_password_getter_isim_beh.exe
Fuse Memory Usage: 390908 KB
Fuse CPU Usage: 700 ms
GCC CPU Usage: 450 ms
